<?xml version="1.0" encoding="UTF-8" ?>
<testsuite tests="3" failures="1" name="HMH_Test.HMH_Test.apiTest" time="3.875" errors="0" skipped="0">
  <properties>
[...]
</properties>
  <testcase classname="HMH_Test.HMH_Test.apiTest" name="testFavQuote" time="1.762"/>
  <testcase classname="HMH_Test.HMH_Test.apiTest" name="testInvalidAuthorization" time="0.597">
    <failure message="expected [401] but found [200]" type="java.lang.AssertionError">java.lang.AssertionError: expected [401] but found [200]
	at org.testng.Assert.fail(Assert.java:99)
	at org.testng.Assert.failNotEquals(Assert.java:1037)
	at org.testng.Assert.assertEqualsImpl(Assert.java:140)
	at org.testng.Assert.assertEquals(Assert.java:122)
	at org.testng.Assert.assertEquals(Assert.java:907)
	at org.testng.Assert.assertEquals(Assert.java:917)
	at HMH_Test.HMH_Test.apiTest.testInvalidAuthorization(apiTest.java:30)
</failure>
    <system-out>Test Case: testInvalidAuthorization
Response Status Code: 200
Response Body: {&quot;qotd_date&quot;:&quot;2024-01-18T00:00:00.000+00:00&quot;,&quot;quote&quot;:{&quot;id&quot;:539,&quot;dialogue&quot;:false,&quot;source&quot;:&quot;http://quoteinvestigator.com/2010/06/29/be-kind/&quot;,&quot;private&quot;:false,&quot;tags&quot;:[&quot;kindness&quot;,&quot;hardship&quot;,&quot;author&quot;],&quot;url&quot;:&quot;https://favqs.com/quotes/ian-maclaren/539-be-kind-for-eve-&quot;,&quot;favorites_count&quot;:5,&quot;upvotes_count&quot;:0,&quot;downvotes_count&quot;:0,&quot;author&quot;:&quot;Ian MacLaren&quot;,&quot;author_permalink&quot;:&quot;ian-maclaren&quot;,&quot;body&quot;:&quot;Be kind, for everyone you meet is fighting a hard battle.&quot;}}
</system-out>
  </testcase>
  <testcase classname="HMH_Test.HMH_Test.apiTest" name="testListQuotes" time="1.516"/>
</testsuite>